{"name":"performAdvancedSearch","status":"broken","statusDetails":{"known":false,"muted":false,"flaky":false,"message":"invalid selector: An invalid or illegal selector was specified\n  (Session info: chrome=81.0.4044.92)\n  (Driver info: chromedriver=81.0.4044.69 (6813546031a4bc83f717a2ef7cd4ac6ec1199132-refs/branch-heads/4044@{#776}),platform=Windows NT 10.0.18362 x86_64) (WARNING: The server did not provide any stacktrace information)\nCommand duration or timeout: 63 milliseconds\nFor documentation on this error, please visit: http://seleniumhq.org/exceptions/invalid_selector_exception.html\nBuild info: version: '3.0.1', revision: '1969d75', time: '2016-10-18 09:49:13 -0700'\nSystem info: host: 'EPBYMINW9512', ip: '10.10.227.189', os.name: 'Windows 10', os.arch: 'amd64', os.version: '10.0', java.version: '11.0.4'\nDriver info: org.openqa.selenium.chrome.ChromeDriver\nCapabilities [{mobileEmulationEnabled=false, timeouts={implicit=0, pageLoad=300000, script=30000}, hasTouchScreen=false, platform=XP, acceptSslCerts=false, goog:chromeOptions={debuggerAddress=localhost:52848}, acceptInsecureCerts=false, webStorageEnabled=true, browserName=chrome, takesScreenshot=true, javascriptEnabled=true, setWindowRect=true, unexpectedAlertBehaviour=ignore, applicationCacheEnabled=false, rotatable=false, networkConnectionEnabled=false, chrome={chromedriverVersion=81.0.4044.69 (6813546031a4bc83f717a2ef7cd4ac6ec1199132-refs/branch-heads/4044@{#776}), userDataDir=C:\\Users\\YAHOR_~1\\AppData\\Local\\Temp\\scoped_dir24712_1097553057}, takesHeapSnapshot=true, pageLoadStrategy=normal, strictFileInteractability=false, databaseEnabled=false, handlesAlerts=true, version=81.0.4044.92, browserConnectionEnabled=false, proxy={}, nativeEvents=true, locationContextEnabled=true, cssSelectorsEnabled=true, webauthn:virtualAuthenticators=true}]\nSession ID: d0074bbe3771e53904ec17fe3f6d67d3\n*** Element info: {Using=css selector, value=//input[@class='el_18 submit nice_button']}","trace":"org.openqa.selenium.InvalidSelectorException: invalid selector: An invalid or illegal selector was specified\n  (Session info: chrome=81.0.4044.92)\n  (Driver info: chromedriver=81.0.4044.69 (6813546031a4bc83f717a2ef7cd4ac6ec1199132-refs/branch-heads/4044@{#776}),platform=Windows NT 10.0.18362 x86_64) (WARNING: The server did not provide any stacktrace information)\nCommand duration or timeout: 63 milliseconds\nFor documentation on this error, please visit: http://seleniumhq.org/exceptions/invalid_selector_exception.html\nBuild info: version: '3.0.1', revision: '1969d75', time: '2016-10-18 09:49:13 -0700'\nSystem info: host: 'EPBYMINW9512', ip: '10.10.227.189', os.name: 'Windows 10', os.arch: 'amd64', os.version: '10.0', java.version: '11.0.4'\nDriver info: org.openqa.selenium.chrome.ChromeDriver\nCapabilities [{mobileEmulationEnabled=false, timeouts={implicit=0, pageLoad=300000, script=30000}, hasTouchScreen=false, platform=XP, acceptSslCerts=false, goog:chromeOptions={debuggerAddress=localhost:52848}, acceptInsecureCerts=false, webStorageEnabled=true, browserName=chrome, takesScreenshot=true, javascriptEnabled=true, setWindowRect=true, unexpectedAlertBehaviour=ignore, applicationCacheEnabled=false, rotatable=false, networkConnectionEnabled=false, chrome={chromedriverVersion=81.0.4044.69 (6813546031a4bc83f717a2ef7cd4ac6ec1199132-refs/branch-heads/4044@{#776}), userDataDir=C:\\Users\\YAHOR_~1\\AppData\\Local\\Temp\\scoped_dir24712_1097553057}, takesHeapSnapshot=true, pageLoadStrategy=normal, strictFileInteractability=false, databaseEnabled=false, handlesAlerts=true, version=81.0.4044.92, browserConnectionEnabled=false, proxy={}, nativeEvents=true, locationContextEnabled=true, cssSelectorsEnabled=true, webauthn:virtualAuthenticators=true}]\nSession ID: d0074bbe3771e53904ec17fe3f6d67d3\n*** Element info: {Using=css selector, value=//input[@class='el_18 submit nice_button']}\r\n\tat java.base/jdk.internal.reflect.NativeConstructorAccessorImpl.newInstance0(Native Method)\r\n\tat java.base/jdk.internal.reflect.NativeConstructorAccessorImpl.newInstance(NativeConstructorAccessorImpl.java:62)\r\n\tat java.base/jdk.internal.reflect.DelegatingConstructorAccessorImpl.newInstance(DelegatingConstructorAccessorImpl.java:45)\r\n\tat java.base/java.lang.reflect.Constructor.newInstance(Constructor.java:490)\r\n\tat org.openqa.selenium.remote.ErrorHandler.createThrowable(ErrorHandler.java:216)\r\n\tat org.openqa.selenium.remote.ErrorHandler.throwIfResponseFailed(ErrorHandler.java:168)\r\n\tat org.openqa.selenium.remote.RemoteWebDriver.execute(RemoteWebDriver.java:635)\r\n\tat org.openqa.selenium.remote.RemoteWebDriver.findElement(RemoteWebDriver.java:368)\r\n\tat org.openqa.selenium.remote.RemoteWebDriver.findElementByCssSelector(RemoteWebDriver.java:465)\r\n\tat org.openqa.selenium.By$ByCssSelector.findElement(By.java:430)\r\n\tat org.openqa.selenium.remote.RemoteWebDriver.findElement(RemoteWebDriver.java:360)\r\n\tat com.codeborne.selenide.impl.WebElementSelector.findElement(WebElementSelector.java:28)\r\n\tat com.codeborne.selenide.impl.ElementFinder.getWebElement(ElementFinder.java:56)\r\n\tat com.codeborne.selenide.commands.ScrollTo.execute(ScrollTo.java:14)\r\n\tat com.codeborne.selenide.commands.ScrollTo.execute(ScrollTo.java:11)\r\n\tat com.codeborne.selenide.commands.Commands.execute(Commands.java:140)\r\n\tat com.codeborne.selenide.impl.SelenideElementProxy.dispatchAndRetry(SelenideElementProxy.java:86)\r\n\tat com.codeborne.selenide.impl.SelenideElementProxy.invoke(SelenideElementProxy.java:62)\r\n\tat com.sun.proxy.$Proxy8.scrollTo(Unknown Source)\r\n\tat PageObjects.AdvanceSearch.performSearch(AdvanceSearch.java:28)\r\n\tat Steps.Steps.performAdvanceSearch(Steps.java:42)\r\n\tat kinopoiskSearchTests.SearchTests.performAdvancedSearch(SearchTests.java:47)\r\n\tat java.base/jdk.internal.reflect.NativeMethodAccessorImpl.invoke0(Native Method)\r\n\tat java.base/jdk.internal.reflect.NativeMethodAccessorImpl.invoke(NativeMethodAccessorImpl.java:62)\r\n\tat java.base/jdk.internal.reflect.DelegatingMethodAccessorImpl.invoke(DelegatingMethodAccessorImpl.java:43)\r\n\tat java.base/java.lang.reflect.Method.invoke(Method.java:566)\r\n\tat org.testng.internal.MethodInvocationHelper.invokeMethod(MethodInvocationHelper.java:80)\r\n\tat org.testng.internal.Invoker.invokeMethod(Invoker.java:714)\r\n\tat org.testng.internal.Invoker.invokeTestMethod(Invoker.java:901)\r\n\tat org.testng.internal.Invoker.invokeTestMethods(Invoker.java:1231)\r\n\tat org.testng.internal.TestMethodWorker.invokeTestMethods(TestMethodWorker.java:127)\r\n\tat org.testng.internal.TestMethodWorker.run(TestMethodWorker.java:111)\r\n\tat org.testng.TestRunner.privateRun(TestRunner.java:767)\r\n\tat org.testng.TestRunner.run(TestRunner.java:617)\r\n\tat org.testng.SuiteRunner.runTest(SuiteRunner.java:334)\r\n\tat org.testng.SuiteRunner.runSequentially(SuiteRunner.java:329)\r\n\tat org.testng.SuiteRunner.privateRun(SuiteRunner.java:291)\r\n\tat org.testng.SuiteRunner.run(SuiteRunner.java:240)\r\n\tat org.testng.SuiteRunnerWorker.runSuite(SuiteRunnerWorker.java:52)\r\n\tat org.testng.SuiteRunnerWorker.run(SuiteRunnerWorker.java:86)\r\n\tat org.testng.TestNG.runSuitesSequentially(TestNG.java:1198)\r\n\tat org.testng.TestNG.runSuitesLocally(TestNG.java:1123)\r\n\tat org.testng.TestNG.run(TestNG.java:1031)\r\n\tat com.intellij.rt.testng.IDEARemoteTestNG.run(IDEARemoteTestNG.java:66)\r\n\tat com.intellij.rt.testng.RemoteTestNGStarter.main(RemoteTestNGStarter.java:110)\r\n"},"stage":"finished","steps":[{"name":"$(open) https://www.kinopoisk.ru/","status":"passed","stage":"finished","steps":[],"attachments":[],"parameters":[],"start":1586879698171,"stop":1586879713422},{"name":"$(By.xpath: //a[@href='/s/']) click()","status":"passed","stage":"finished","steps":[],"attachments":[],"parameters":[],"start":1586879713424,"stop":1586879716061},{"name":"$(By.xpath: //*[@id='country']) click()","status":"passed","stage":"finished","steps":[],"attachments":[],"parameters":[],"start":1586879716062,"stop":1586879717235},{"name":"$(By.xpath: //*[@id='country']/option[text()='СССР']) scroll to()","status":"passed","stage":"finished","steps":[],"attachments":[],"parameters":[],"start":1586879717237,"stop":1586879717330},{"name":"$(By.xpath: //*[@id='country']/option[text()='СССР']) click()","status":"passed","stage":"finished","steps":[],"attachments":[],"parameters":[],"start":1586879717331,"stop":1586879717516},{"name":"$(By.xpath: //*[@id='m_act[genre]']/option[text()='семейный']) scroll to()","status":"passed","stage":"finished","steps":[],"attachments":[],"parameters":[],"start":1586879717522,"stop":1586879717582},{"name":"$(By.xpath: //*[@id='m_act[genre]']/option[text()='семейный']) click()","status":"passed","stage":"finished","steps":[],"attachments":[],"parameters":[],"start":1586879717584,"stop":1586879717866},{"name":"$(By.xpath: //*[@id='m_act[genre]']/option[text()='история']) scroll to()","status":"passed","stage":"finished","steps":[],"attachments":[],"parameters":[],"start":1586879717867,"stop":1586879717956},{"name":"$(By.xpath: //*[@id='m_act[genre]']/option[text()='история']) click()","status":"passed","stage":"finished","steps":[],"attachments":[],"parameters":[],"start":1586879717957,"stop":1586879718140},{"name":"$(By.xpath: //*[@id='m_act[genre]']/option[text()='документальный']) scroll to()","status":"passed","stage":"finished","steps":[],"attachments":[],"parameters":[],"start":1586879718141,"stop":1586879718190},{"name":"$(By.xpath: //*[@id='m_act[genre]']/option[text()='документальный']) click()","status":"passed","stage":"finished","steps":[],"attachments":[],"parameters":[],"start":1586879718191,"stop":1586879718316},{"name":"$(//input[@class='el_18 submit nice_button']) scroll to()","status":"failed","statusDetails":{"known":false,"muted":false,"flaky":false,"message":"invalid selector: An invalid or illegal selector was specified\n  (Session info: chrome=81.0.4044.92)\n  (Driver info: chromedriver=81.0.4044.69 (6813546031a4bc83f717a2ef7cd4ac6ec1199132-refs/branch-heads/4044@{#776}),platform=Windows NT 10.0.18362 x86_64) (WARNING: The server did not provide any stacktrace information)\nCommand duration or timeout: 63 milliseconds\nFor documentation on this error, please visit: http://seleniumhq.org/exceptions/invalid_selector_exception.html\nBuild info: version: '3.0.1', revision: '1969d75', time: '2016-10-18 09:49:13 -0700'\nSystem info: host: 'EPBYMINW9512', ip: '10.10.227.189', os.name: 'Windows 10', os.arch: 'amd64', os.version: '10.0', java.version: '11.0.4'\nDriver info: org.openqa.selenium.chrome.ChromeDriver\nCapabilities [{mobileEmulationEnabled=false, timeouts={implicit=0, pageLoad=300000, script=30000}, hasTouchScreen=false, platform=XP, acceptSslCerts=false, goog:chromeOptions={debuggerAddress=localhost:52848}, acceptInsecureCerts=false, webStorageEnabled=true, browserName=chrome, takesScreenshot=true, javascriptEnabled=true, setWindowRect=true, unexpectedAlertBehaviour=ignore, applicationCacheEnabled=false, rotatable=false, networkConnectionEnabled=false, chrome={chromedriverVersion=81.0.4044.69 (6813546031a4bc83f717a2ef7cd4ac6ec1199132-refs/branch-heads/4044@{#776}), userDataDir=C:\\Users\\YAHOR_~1\\AppData\\Local\\Temp\\scoped_dir24712_1097553057}, takesHeapSnapshot=true, pageLoadStrategy=normal, strictFileInteractability=false, databaseEnabled=false, handlesAlerts=true, version=81.0.4044.92, browserConnectionEnabled=false, proxy={}, nativeEvents=true, locationContextEnabled=true, cssSelectorsEnabled=true, webauthn:virtualAuthenticators=true}]\nSession ID: d0074bbe3771e53904ec17fe3f6d67d3\n*** Element info: {Using=css selector, value=//input[@class='el_18 submit nice_button']}","trace":"org.openqa.selenium.InvalidSelectorException: invalid selector: An invalid or illegal selector was specified\n  (Session info: chrome=81.0.4044.92)\n  (Driver info: chromedriver=81.0.4044.69 (6813546031a4bc83f717a2ef7cd4ac6ec1199132-refs/branch-heads/4044@{#776}),platform=Windows NT 10.0.18362 x86_64) (WARNING: The server did not provide any stacktrace information)\nCommand duration or timeout: 63 milliseconds\nFor documentation on this error, please visit: http://seleniumhq.org/exceptions/invalid_selector_exception.html\nBuild info: version: '3.0.1', revision: '1969d75', time: '2016-10-18 09:49:13 -0700'\nSystem info: host: 'EPBYMINW9512', ip: '10.10.227.189', os.name: 'Windows 10', os.arch: 'amd64', os.version: '10.0', java.version: '11.0.4'\nDriver info: org.openqa.selenium.chrome.ChromeDriver\nCapabilities [{mobileEmulationEnabled=false, timeouts={implicit=0, pageLoad=300000, script=30000}, hasTouchScreen=false, platform=XP, acceptSslCerts=false, goog:chromeOptions={debuggerAddress=localhost:52848}, acceptInsecureCerts=false, webStorageEnabled=true, browserName=chrome, takesScreenshot=true, javascriptEnabled=true, setWindowRect=true, unexpectedAlertBehaviour=ignore, applicationCacheEnabled=false, rotatable=false, networkConnectionEnabled=false, chrome={chromedriverVersion=81.0.4044.69 (6813546031a4bc83f717a2ef7cd4ac6ec1199132-refs/branch-heads/4044@{#776}), userDataDir=C:\\Users\\YAHOR_~1\\AppData\\Local\\Temp\\scoped_dir24712_1097553057}, takesHeapSnapshot=true, pageLoadStrategy=normal, strictFileInteractability=false, databaseEnabled=false, handlesAlerts=true, version=81.0.4044.92, browserConnectionEnabled=false, proxy={}, nativeEvents=true, locationContextEnabled=true, cssSelectorsEnabled=true, webauthn:virtualAuthenticators=true}]\nSession ID: d0074bbe3771e53904ec17fe3f6d67d3\n*** Element info: {Using=css selector, value=//input[@class='el_18 submit nice_button']}\r\n\tat java.base/jdk.internal.reflect.NativeConstructorAccessorImpl.newInstance0(Native Method)\r\n\tat java.base/jdk.internal.reflect.NativeConstructorAccessorImpl.newInstance(NativeConstructorAccessorImpl.java:62)\r\n\tat java.base/jdk.internal.reflect.DelegatingConstructorAccessorImpl.newInstance(DelegatingConstructorAccessorImpl.java:45)\r\n\tat java.base/java.lang.reflect.Constructor.newInstance(Constructor.java:490)\r\n\tat org.openqa.selenium.remote.ErrorHandler.createThrowable(ErrorHandler.java:216)\r\n\tat org.openqa.selenium.remote.ErrorHandler.throwIfResponseFailed(ErrorHandler.java:168)\r\n\tat org.openqa.selenium.remote.RemoteWebDriver.execute(RemoteWebDriver.java:635)\r\n\tat org.openqa.selenium.remote.RemoteWebDriver.findElement(RemoteWebDriver.java:368)\r\n\tat org.openqa.selenium.remote.RemoteWebDriver.findElementByCssSelector(RemoteWebDriver.java:465)\r\n\tat org.openqa.selenium.By$ByCssSelector.findElement(By.java:430)\r\n\tat org.openqa.selenium.remote.RemoteWebDriver.findElement(RemoteWebDriver.java:360)\r\n\tat com.codeborne.selenide.impl.WebElementSelector.findElement(WebElementSelector.java:28)\r\n\tat com.codeborne.selenide.impl.ElementFinder.getWebElement(ElementFinder.java:56)\r\n\tat com.codeborne.selenide.commands.ScrollTo.execute(ScrollTo.java:14)\r\n\tat com.codeborne.selenide.commands.ScrollTo.execute(ScrollTo.java:11)\r\n\tat com.codeborne.selenide.commands.Commands.execute(Commands.java:140)\r\n\tat com.codeborne.selenide.impl.SelenideElementProxy.dispatchAndRetry(SelenideElementProxy.java:86)\r\n\tat com.codeborne.selenide.impl.SelenideElementProxy.invoke(SelenideElementProxy.java:62)\r\n\tat com.sun.proxy.$Proxy8.scrollTo(Unknown Source)\r\n\tat PageObjects.AdvanceSearch.performSearch(AdvanceSearch.java:28)\r\n\tat Steps.Steps.performAdvanceSearch(Steps.java:42)\r\n\tat kinopoiskSearchTests.SearchTests.performAdvancedSearch(SearchTests.java:47)\r\n\tat java.base/jdk.internal.reflect.NativeMethodAccessorImpl.invoke0(Native Method)\r\n\tat java.base/jdk.internal.reflect.NativeMethodAccessorImpl.invoke(NativeMethodAccessorImpl.java:62)\r\n\tat java.base/jdk.internal.reflect.DelegatingMethodAccessorImpl.invoke(DelegatingMethodAccessorImpl.java:43)\r\n\tat java.base/java.lang.reflect.Method.invoke(Method.java:566)\r\n\tat org.testng.internal.MethodInvocationHelper.invokeMethod(MethodInvocationHelper.java:80)\r\n\tat org.testng.internal.Invoker.invokeMethod(Invoker.java:714)\r\n\tat org.testng.internal.Invoker.invokeTestMethod(Invoker.java:901)\r\n\tat org.testng.internal.Invoker.invokeTestMethods(Invoker.java:1231)\r\n\tat org.testng.internal.TestMethodWorker.invokeTestMethods(TestMethodWorker.java:127)\r\n\tat org.testng.internal.TestMethodWorker.run(TestMethodWorker.java:111)\r\n\tat org.testng.TestRunner.privateRun(TestRunner.java:767)\r\n\tat org.testng.TestRunner.run(TestRunner.java:617)\r\n\tat org.testng.SuiteRunner.runTest(SuiteRunner.java:334)\r\n\tat org.testng.SuiteRunner.runSequentially(SuiteRunner.java:329)\r\n\tat org.testng.SuiteRunner.privateRun(SuiteRunner.java:291)\r\n\tat org.testng.SuiteRunner.run(SuiteRunner.java:240)\r\n\tat org.testng.SuiteRunnerWorker.runSuite(SuiteRunnerWorker.java:52)\r\n\tat org.testng.SuiteRunnerWorker.run(SuiteRunnerWorker.java:86)\r\n\tat org.testng.TestNG.runSuitesSequentially(TestNG.java:1198)\r\n\tat org.testng.TestNG.runSuitesLocally(TestNG.java:1123)\r\n\tat org.testng.TestNG.run(TestNG.java:1031)\r\n\tat com.intellij.rt.testng.IDEARemoteTestNG.run(IDEARemoteTestNG.java:66)\r\n\tat com.intellij.rt.testng.RemoteTestNGStarter.main(RemoteTestNGStarter.java:110)\r\n"},"stage":"finished","steps":[],"attachments":[{"name":"Screenshot","source":"9a840704-a93d-478f-87ee-4bc9ddc50262-attachment.png","type":"image/png"},{"name":"Page source","source":"f447f34f-6317-4448-95ec-49ce8e765bbb-attachment.html","type":"text/html"}],"parameters":[],"start":1586879718317,"stop":1586879718984}],"attachments":[],"parameters":[],"start":1586879698147,"stop":1586879719527,"uuid":"0c9e4d43-871e-4760-8b6a-c3f8ec3d9d4a","historyId":"9068d690ececa6d6feb938c2c4fcd2f","fullName":"kinopoiskSearchTests.SearchTests.performAdvancedSearch","labels":[{"name":"package","value":"kinopoiskSearchTests.SearchTests"},{"name":"testClass","value":"kinopoiskSearchTests.SearchTests"},{"name":"testMethod","value":"performAdvancedSearch"},{"name":"parentSuite","value":"Default Suite"},{"name":"suite","value":"kinopoisktask"},{"name":"subSuite","value":"kinopoiskSearchTests.SearchTests"},{"name":"host","value":"EPBYMINW9512"},{"name":"thread","value":"468@EPBYMINW9512.main(1)"},{"name":"framework","value":"testng"},{"name":"language","value":"java"}],"links":[]}