{"name":"performAdvancedSearch","status":"failed","statusDetails":{"known":false,"muted":false,"flaky":false,"message":"Element not found {By.xpath: //div[@class='element most_wanted']//div[@class='info']/p/a}\nExpected: exist","trace":"Element not found {By.xpath: //div[@class='element most_wanted']//div[@class='info']/p/a}\nExpected: exist\nScreenshot: file:/C:/Users/Yahor_Salauyeu/IdeaProjects/kinopoisktask/build/reports/tests/kinopoiskSearchTests/SearchTests/performAdvancedSearch/1586880653774.0.png\nTimeout: 4 s.\nCaused by: NoSuchElementException: no such element: Unable to locate element: {\"method\":\"xpath\",\"selector\":\"//div[@class='element most_wanted']//div[@class='info']/p/a\"}\r\n\tat com.codeborne.selenide.impl.WebElementSource.createElementNotFoundError(WebElementSource.java:31)\r\n\tat com.codeborne.selenide.impl.ElementFinder.createElementNotFoundError(ElementFinder.java:82)\r\n\tat com.codeborne.selenide.impl.SelenideElementProxy.dispatchAndRetry(SelenideElementProxy.java:115)\r\n\tat com.codeborne.selenide.impl.SelenideElementProxy.invoke(SelenideElementProxy.java:62)\r\n\tat com.sun.proxy.$Proxy8.getText(Unknown Source)\r\n\tat Steps.Steps.getMostWantedFilm(Steps.java:47)\r\n\tat kinopoiskSearchTests.SearchTests.performAdvancedSearch(SearchTests.java:48)\r\n\tat java.base/jdk.internal.reflect.NativeMethodAccessorImpl.invoke0(Native Method)\r\n\tat java.base/jdk.internal.reflect.NativeMethodAccessorImpl.invoke(NativeMethodAccessorImpl.java:62)\r\n\tat java.base/jdk.internal.reflect.DelegatingMethodAccessorImpl.invoke(DelegatingMethodAccessorImpl.java:43)\r\n\tat java.base/java.lang.reflect.Method.invoke(Method.java:566)\r\n\tat org.testng.internal.MethodInvocationHelper.invokeMethod(MethodInvocationHelper.java:80)\r\n\tat org.testng.internal.Invoker.invokeMethod(Invoker.java:714)\r\n\tat org.testng.internal.Invoker.invokeTestMethod(Invoker.java:901)\r\n\tat org.testng.internal.Invoker.invokeTestMethods(Invoker.java:1231)\r\n\tat org.testng.internal.TestMethodWorker.invokeTestMethods(TestMethodWorker.java:127)\r\n\tat org.testng.internal.TestMethodWorker.run(TestMethodWorker.java:111)\r\n\tat org.testng.TestRunner.privateRun(TestRunner.java:767)\r\n\tat org.testng.TestRunner.run(TestRunner.java:617)\r\n\tat org.testng.SuiteRunner.runTest(SuiteRunner.java:334)\r\n\tat org.testng.SuiteRunner.runSequentially(SuiteRunner.java:329)\r\n\tat org.testng.SuiteRunner.privateRun(SuiteRunner.java:291)\r\n\tat org.testng.SuiteRunner.run(SuiteRunner.java:240)\r\n\tat org.testng.SuiteRunnerWorker.runSuite(SuiteRunnerWorker.java:52)\r\n\tat org.testng.SuiteRunnerWorker.run(SuiteRunnerWorker.java:86)\r\n\tat org.testng.TestNG.runSuitesSequentially(TestNG.java:1198)\r\n\tat org.testng.TestNG.runSuitesLocally(TestNG.java:1123)\r\n\tat org.testng.TestNG.run(TestNG.java:1031)\r\n\tat com.intellij.rt.testng.IDEARemoteTestNG.run(IDEARemoteTestNG.java:66)\r\n\tat com.intellij.rt.testng.RemoteTestNGStarter.main(RemoteTestNGStarter.java:110)\r\nCaused by: org.openqa.selenium.NoSuchElementException: no such element: Unable to locate element: {\"method\":\"xpath\",\"selector\":\"//div[@class='element most_wanted']//div[@class='info']/p/a\"}\n  (Session info: chrome=81.0.4044.92)\n  (Driver info: chromedriver=81.0.4044.69 (6813546031a4bc83f717a2ef7cd4ac6ec1199132-refs/branch-heads/4044@{#776}),platform=Windows NT 10.0.18362 x86_64) (WARNING: The server did not provide any stacktrace information)\nCommand duration or timeout: 23 milliseconds\nFor documentation on this error, please visit: http://seleniumhq.org/exceptions/no_such_element.html\nBuild info: version: '3.0.1', revision: '1969d75', time: '2016-10-18 09:49:13 -0700'\nSystem info: host: 'EPBYMINW9512', ip: '10.10.227.189', os.name: 'Windows 10', os.arch: 'amd64', os.version: '10.0', java.version: '11.0.4'\nDriver info: org.openqa.selenium.chrome.ChromeDriver\nCapabilities [{mobileEmulationEnabled=false, timeouts={implicit=0, pageLoad=300000, script=30000}, hasTouchScreen=false, platform=XP, acceptSslCerts=false, goog:chromeOptions={debuggerAddress=localhost:54311}, acceptInsecureCerts=false, webStorageEnabled=true, browserName=chrome, takesScreenshot=true, javascriptEnabled=true, setWindowRect=true, unexpectedAlertBehaviour=ignore, applicationCacheEnabled=false, rotatable=false, networkConnectionEnabled=false, chrome={chromedriverVersion=81.0.4044.69 (6813546031a4bc83f717a2ef7cd4ac6ec1199132-refs/branch-heads/4044@{#776}), userDataDir=C:\\Users\\YAHOR_~1\\AppData\\Local\\Temp\\scoped_dir37940_1065957534}, takesHeapSnapshot=true, pageLoadStrategy=normal, strictFileInteractability=false, databaseEnabled=false, handlesAlerts=true, version=81.0.4044.92, browserConnectionEnabled=false, proxy={}, nativeEvents=true, locationContextEnabled=true, cssSelectorsEnabled=true, webauthn:virtualAuthenticators=true}]\nSession ID: 7fd10751855717fbf22311f0acfca16d\n*** Element info: {Using=xpath, value=//div[@class='element most_wanted']//div[@class='info']/p/a}\r\n\tat jdk.internal.reflect.GeneratedConstructorAccessor8.newInstance(Unknown Source)\r\n\tat java.base/jdk.internal.reflect.DelegatingConstructorAccessorImpl.newInstance(DelegatingConstructorAccessorImpl.java:45)\r\n\tat java.base/java.lang.reflect.Constructor.newInstance(Constructor.java:490)\r\n\tat org.openqa.selenium.remote.ErrorHandler.createThrowable(ErrorHandler.java:216)\r\n\tat org.openqa.selenium.remote.ErrorHandler.throwIfResponseFailed(ErrorHandler.java:168)\r\n\tat org.openqa.selenium.remote.RemoteWebDriver.execute(RemoteWebDriver.java:635)\r\n\tat org.openqa.selenium.remote.RemoteWebDriver.findElement(RemoteWebDriver.java:368)\r\n\tat org.openqa.selenium.remote.RemoteWebDriver.findElementByXPath(RemoteWebDriver.java:473)\r\n\tat org.openqa.selenium.By$ByXPath.findElement(By.java:361)\r\n\tat org.openqa.selenium.remote.RemoteWebDriver.findElement(RemoteWebDriver.java:360)\r\n\tat com.codeborne.selenide.impl.WebElementSelector.findElement(WebElementSelector.java:28)\r\n\tat com.codeborne.selenide.impl.ElementFinder.getWebElement(ElementFinder.java:56)\r\n\tat com.codeborne.selenide.commands.GetText.execute(GetText.java:13)\r\n\tat com.codeborne.selenide.commands.GetText.execute(GetText.java:8)\r\n\tat com.codeborne.selenide.commands.Commands.execute(Commands.java:140)\r\n\tat com.codeborne.selenide.impl.SelenideElementProxy.dispatchAndRetry(SelenideElementProxy.java:86)\r\n\t... 27 more\r\n"},"stage":"finished","steps":[{"name":"$(open) https://www.kinopoisk.ru/","status":"passed","stage":"finished","steps":[],"attachments":[],"parameters":[],"start":1586880630830,"stop":1586880644627},{"name":"$(By.xpath: //a[@href='/s/']) click()","status":"passed","stage":"finished","steps":[],"attachments":[],"parameters":[],"start":1586880644629,"stop":1586880646992},{"name":"$(By.xpath: //*[@id='country']) click()","status":"passed","stage":"finished","steps":[],"attachments":[],"parameters":[],"start":1586880646993,"stop":1586880648191},{"name":"$(By.xpath: //*[@id='country']/option[text()='СССР']) scroll to()","status":"passed","stage":"finished","steps":[],"attachments":[],"parameters":[],"start":1586880648193,"stop":1586880648315},{"name":"$(By.xpath: //*[@id='country']/option[text()='СССР']) click()","status":"passed","stage":"finished","steps":[],"attachments":[],"parameters":[],"start":1586880648316,"stop":1586880648481},{"name":"$(By.xpath: //*[@id='m_act[genre]']/option[text()='документальный']) scroll to()","status":"passed","stage":"finished","steps":[],"attachments":[],"parameters":[],"start":1586880648488,"stop":1586880648584},{"name":"$(By.xpath: //*[@id='m_act[genre]']/option[text()='документальный']) click()","status":"passed","stage":"finished","steps":[],"attachments":[],"parameters":[],"start":1586880648583,"stop":1586880648733},{"name":"$(By.xpath: //*[@id='m_act[genre]']/option[text()='история']) scroll to()","status":"passed","stage":"finished","steps":[],"attachments":[],"parameters":[],"start":1586880648735,"stop":1586880648799},{"name":"$(By.xpath: //*[@id='m_act[genre]']/option[text()='история']) click()","status":"passed","stage":"finished","steps":[],"attachments":[],"parameters":[],"start":1586880648801,"stop":1586880648885},{"name":"$(By.xpath: //*[@id='m_act[genre]']/option[text()='семейный']) scroll to()","status":"passed","stage":"finished","steps":[],"attachments":[],"parameters":[],"start":1586880648886,"stop":1586880648967},{"name":"$(By.xpath: //*[@id='m_act[genre]']/option[text()='семейный']) click()","status":"passed","stage":"finished","steps":[],"attachments":[],"parameters":[],"start":1586880648968,"stop":1586880649076},{"name":"$(By.xpath: //input[@class='el_18 submit nice_button']) context click()","status":"passed","stage":"finished","steps":[],"attachments":[],"parameters":[],"start":1586880649079,"stop":1586880649272},{"name":"$(By.xpath: //div[@class='element most_wanted']//div[@class='info']/p/a) get text()","status":"failed","statusDetails":{"known":false,"muted":false,"flaky":false,"message":"Element not found {By.xpath: //div[@class='element most_wanted']//div[@class='info']/p/a}\nExpected: exist","trace":"Element not found {By.xpath: //div[@class='element most_wanted']//div[@class='info']/p/a}\nExpected: exist\nScreenshot: null\nTimeout: 0 ms.\nCaused by: NoSuchElementException: no such element: Unable to locate element: {\"method\":\"xpath\",\"selector\":\"//div[@class='element most_wanted']//div[@class='info']/p/a\"}\r\n\tat com.codeborne.selenide.impl.WebElementSource.createElementNotFoundError(WebElementSource.java:31)\r\n\tat com.codeborne.selenide.impl.ElementFinder.createElementNotFoundError(ElementFinder.java:82)\r\n\tat com.codeborne.selenide.impl.SelenideElementProxy.dispatchAndRetry(SelenideElementProxy.java:115)\r\n\tat com.codeborne.selenide.impl.SelenideElementProxy.invoke(SelenideElementProxy.java:62)\r\n\tat com.sun.proxy.$Proxy8.getText(Unknown Source)\r\n\tat Steps.Steps.getMostWantedFilm(Steps.java:47)\r\n\tat kinopoiskSearchTests.SearchTests.performAdvancedSearch(SearchTests.java:48)\r\n\tat java.base/jdk.internal.reflect.NativeMethodAccessorImpl.invoke0(Native Method)\r\n\tat java.base/jdk.internal.reflect.NativeMethodAccessorImpl.invoke(NativeMethodAccessorImpl.java:62)\r\n\tat java.base/jdk.internal.reflect.DelegatingMethodAccessorImpl.invoke(DelegatingMethodAccessorImpl.java:43)\r\n\tat java.base/java.lang.reflect.Method.invoke(Method.java:566)\r\n\tat org.testng.internal.MethodInvocationHelper.invokeMethod(MethodInvocationHelper.java:80)\r\n\tat org.testng.internal.Invoker.invokeMethod(Invoker.java:714)\r\n\tat org.testng.internal.Invoker.invokeTestMethod(Invoker.java:901)\r\n\tat org.testng.internal.Invoker.invokeTestMethods(Invoker.java:1231)\r\n\tat org.testng.internal.TestMethodWorker.invokeTestMethods(TestMethodWorker.java:127)\r\n\tat org.testng.internal.TestMethodWorker.run(TestMethodWorker.java:111)\r\n\tat org.testng.TestRunner.privateRun(TestRunner.java:767)\r\n\tat org.testng.TestRunner.run(TestRunner.java:617)\r\n\tat org.testng.SuiteRunner.runTest(SuiteRunner.java:334)\r\n\tat org.testng.SuiteRunner.runSequentially(SuiteRunner.java:329)\r\n\tat org.testng.SuiteRunner.privateRun(SuiteRunner.java:291)\r\n\tat org.testng.SuiteRunner.run(SuiteRunner.java:240)\r\n\tat org.testng.SuiteRunnerWorker.runSuite(SuiteRunnerWorker.java:52)\r\n\tat org.testng.SuiteRunnerWorker.run(SuiteRunnerWorker.java:86)\r\n\tat org.testng.TestNG.runSuitesSequentially(TestNG.java:1198)\r\n\tat org.testng.TestNG.runSuitesLocally(TestNG.java:1123)\r\n\tat org.testng.TestNG.run(TestNG.java:1031)\r\n\tat com.intellij.rt.testng.IDEARemoteTestNG.run(IDEARemoteTestNG.java:66)\r\n\tat com.intellij.rt.testng.RemoteTestNGStarter.main(RemoteTestNGStarter.java:110)\r\nCaused by: org.openqa.selenium.NoSuchElementException: no such element: Unable to locate element: {\"method\":\"xpath\",\"selector\":\"//div[@class='element most_wanted']//div[@class='info']/p/a\"}\n  (Session info: chrome=81.0.4044.92)\n  (Driver info: chromedriver=81.0.4044.69 (6813546031a4bc83f717a2ef7cd4ac6ec1199132-refs/branch-heads/4044@{#776}),platform=Windows NT 10.0.18362 x86_64) (WARNING: The server did not provide any stacktrace information)\nCommand duration or timeout: 23 milliseconds\nFor documentation on this error, please visit: http://seleniumhq.org/exceptions/no_such_element.html\nBuild info: version: '3.0.1', revision: '1969d75', time: '2016-10-18 09:49:13 -0700'\nSystem info: host: 'EPBYMINW9512', ip: '10.10.227.189', os.name: 'Windows 10', os.arch: 'amd64', os.version: '10.0', java.version: '11.0.4'\nDriver info: org.openqa.selenium.chrome.ChromeDriver\nCapabilities [{mobileEmulationEnabled=false, timeouts={implicit=0, pageLoad=300000, script=30000}, hasTouchScreen=false, platform=XP, acceptSslCerts=false, goog:chromeOptions={debuggerAddress=localhost:54311}, acceptInsecureCerts=false, webStorageEnabled=true, browserName=chrome, takesScreenshot=true, javascriptEnabled=true, setWindowRect=true, unexpectedAlertBehaviour=ignore, applicationCacheEnabled=false, rotatable=false, networkConnectionEnabled=false, chrome={chromedriverVersion=81.0.4044.69 (6813546031a4bc83f717a2ef7cd4ac6ec1199132-refs/branch-heads/4044@{#776}), userDataDir=C:\\Users\\YAHOR_~1\\AppData\\Local\\Temp\\scoped_dir37940_1065957534}, takesHeapSnapshot=true, pageLoadStrategy=normal, strictFileInteractability=false, databaseEnabled=false, handlesAlerts=true, version=81.0.4044.92, browserConnectionEnabled=false, proxy={}, nativeEvents=true, locationContextEnabled=true, cssSelectorsEnabled=true, webauthn:virtualAuthenticators=true}]\nSession ID: 7fd10751855717fbf22311f0acfca16d\n*** Element info: {Using=xpath, value=//div[@class='element most_wanted']//div[@class='info']/p/a}\r\n\tat jdk.internal.reflect.GeneratedConstructorAccessor8.newInstance(Unknown Source)\r\n\tat java.base/jdk.internal.reflect.DelegatingConstructorAccessorImpl.newInstance(DelegatingConstructorAccessorImpl.java:45)\r\n\tat java.base/java.lang.reflect.Constructor.newInstance(Constructor.java:490)\r\n\tat org.openqa.selenium.remote.ErrorHandler.createThrowable(ErrorHandler.java:216)\r\n\tat org.openqa.selenium.remote.ErrorHandler.throwIfResponseFailed(ErrorHandler.java:168)\r\n\tat org.openqa.selenium.remote.RemoteWebDriver.execute(RemoteWebDriver.java:635)\r\n\tat org.openqa.selenium.remote.RemoteWebDriver.findElement(RemoteWebDriver.java:368)\r\n\tat org.openqa.selenium.remote.RemoteWebDriver.findElementByXPath(RemoteWebDriver.java:473)\r\n\tat org.openqa.selenium.By$ByXPath.findElement(By.java:361)\r\n\tat org.openqa.selenium.remote.RemoteWebDriver.findElement(RemoteWebDriver.java:360)\r\n\tat com.codeborne.selenide.impl.WebElementSelector.findElement(WebElementSelector.java:28)\r\n\tat com.codeborne.selenide.impl.ElementFinder.getWebElement(ElementFinder.java:56)\r\n\tat com.codeborne.selenide.commands.GetText.execute(GetText.java:13)\r\n\tat com.codeborne.selenide.commands.GetText.execute(GetText.java:8)\r\n\tat com.codeborne.selenide.commands.Commands.execute(Commands.java:140)\r\n\tat com.codeborne.selenide.impl.SelenideElementProxy.dispatchAndRetry(SelenideElementProxy.java:86)\r\n\t... 27 more\r\n"},"stage":"finished","steps":[],"attachments":[{"name":"Screenshot","source":"92d29a4b-5ee8-4a27-9f03-8577882021e5-attachment.png","type":"image/png"},{"name":"Page source","source":"7e8fd0f6-6dde-4c55-8a68-3447e0d3fa68-attachment.html","type":"text/html"}],"parameters":[],"start":1586880649272,"stop":1586880653774}],"attachments":[],"parameters":[],"start":1586880630814,"stop":1586880654265,"uuid":"9ea92901-6509-49f3-88a3-193fdd1080a8","historyId":"9068d690ececa6d6feb938c2c4fcd2f","fullName":"kinopoiskSearchTests.SearchTests.performAdvancedSearch","labels":[{"name":"package","value":"kinopoiskSearchTests.SearchTests"},{"name":"testClass","value":"kinopoiskSearchTests.SearchTests"},{"name":"testMethod","value":"performAdvancedSearch"},{"name":"parentSuite","value":"Default Suite"},{"name":"suite","value":"kinopoisktask"},{"name":"subSuite","value":"kinopoiskSearchTests.SearchTests"},{"name":"host","value":"EPBYMINW9512"},{"name":"thread","value":"36052@EPBYMINW9512.main(1)"},{"name":"framework","value":"testng"},{"name":"language","value":"java"}],"links":[]}